31/01/23 11:09:41 PM Tuesday - WebDriverClass - INFO : Chrome Driver is initializing
31/01/23 11:09:48 PM Tuesday - BaseClass - INFO : Web Page Launched with URL : https://www.planet.com/explorer
31/01/23 11:10:41 PM Tuesday - BaseClass - ERROR : WebElement not found with locator value //input[@placeholder='Search for a Location'] using locatorType xpath
31/01/23 11:10:41 PM Tuesday - BaseClass - ERROR : Unable to Click on WebElement with locator value //input[@placeholder='Search for a Location'] using locatorType xpath
31/01/23 11:11:07 PM Tuesday - BaseClass - ERROR : WebElement not found with locator value //label[contains(text(),'Name')]/following-sibling::div/child::input using locatorType xpath
31/01/23 11:11:07 PM Tuesday - BaseClass - INFO : WebElement found with locator value idp-discovery-username using locatorType id
31/01/23 11:11:07 PM Tuesday - BaseClass - INFO : Sent the text takehometest@qe.com in WebElement with locator value idp-discovery-username using locatorType id
31/01/23 11:11:07 PM Tuesday - BaseClass - INFO : WebElement found with locator value idp-discovery-submit using locatorType id
31/01/23 11:11:07 PM Tuesday - BaseClass - INFO : Clicked on WebElement with locator value idp-discovery-submit using locatorType id
31/01/23 11:11:13 PM Tuesday - BaseClass - INFO : WebElement found with locator value okta-signin-password using locatorType id
31/01/23 11:11:14 PM Tuesday - BaseClass - INFO : Sent the text Password123# in WebElement with locator value okta-signin-password using locatorType id
31/01/23 11:11:14 PM Tuesday - BaseClass - INFO : WebElement found with locator value okta-signin-submit using locatorType id
31/01/23 11:11:14 PM Tuesday - BaseClass - INFO : Clicked on WebElement with locator value okta-signin-submit using locatorType id
31/01/23 11:11:46 PM Tuesday - BaseClass - ERROR : WebElement not found with locator value //button[@data-qe='skip-tour-button'] using locatorType xpath
31/01/23 11:11:46 PM Tuesday - BaseClass - ERROR : Unable to Click on WebElement with locator value //button[@data-qe='skip-tour-button'] using locatorType xpath
31/01/23 11:16:15 PM Tuesday - WebDriverClass - INFO : Chrome Driver is initializing
31/01/23 11:16:43 PM Tuesday - BaseClass - INFO : Web Page Launched with URL : https://www.planet.com/explorer
31/01/23 11:17:09 PM Tuesday - BaseClass - ERROR : WebElement not found with locator value //input[@placeholder='Search for a Location'] using locatorType xpath
31/01/23 11:17:09 PM Tuesday - BaseClass - ERROR : Unable to Click on WebElement with locator value //input[@placeholder='Search for a Location'] using locatorType xpath
31/01/23 11:17:34 PM Tuesday - BaseClass - ERROR : WebElement not found with locator value //label[contains(text(),'Name')]/following-sibling::div/child::input using locatorType xpath
31/01/23 11:17:40 PM Tuesday - BaseClass - INFO : WebElement found with locator value idp-discovery-username using locatorType id
31/01/23 11:17:40 PM Tuesday - BaseClass - INFO : Sent the text takehometest@qe.com in WebElement with locator value idp-discovery-username using locatorType id
31/01/23 11:17:40 PM Tuesday - BaseClass - INFO : WebElement found with locator value idp-discovery-submit using locatorType id
31/01/23 11:17:40 PM Tuesday - BaseClass - INFO : Clicked on WebElement with locator value idp-discovery-submit using locatorType id
31/01/23 11:17:50 PM Tuesday - BaseClass - INFO : WebElement found with locator value okta-signin-password using locatorType id
31/01/23 11:17:50 PM Tuesday - BaseClass - INFO : Sent the text Password123# in WebElement with locator value okta-signin-password using locatorType id
31/01/23 11:17:50 PM Tuesday - BaseClass - INFO : WebElement found with locator value okta-signin-submit using locatorType id
31/01/23 11:17:50 PM Tuesday - BaseClass - INFO : Clicked on WebElement with locator value okta-signin-submit using locatorType id
31/01/23 11:18:30 PM Tuesday - BaseClass - ERROR : WebElement not found with locator value //button[@data-qe='skip-tour-button'] using locatorType xpath
31/01/23 11:18:30 PM Tuesday - BaseClass - ERROR : Unable to Click on WebElement with locator value //button[@data-qe='skip-tour-button'] using locatorType xpath
31/01/23 11:21:47 PM Tuesday - WebDriverClass - INFO : Chrome Driver is initializing
31/01/23 11:22:32 PM Tuesday - BaseClass - INFO : Web Page Launched with URL : https://www.planet.com/explorer
31/01/23 11:23:04 PM Tuesday - BaseClass - ERROR : WebElement not found with locator value //input[@placeholder='Search for a Location'] using locatorType xpath
31/01/23 11:23:04 PM Tuesday - BaseClass - ERROR : Unable to Click on WebElement with locator value //input[@placeholder='Search for a Location'] using locatorType xpath
31/01/23 11:23:30 PM Tuesday - BaseClass - ERROR : WebElement not found with locator value //label[contains(text(),'Name')]/following-sibling::div/child::input using locatorType xpath
31/01/23 11:23:30 PM Tuesday - BaseClass - INFO : WebElement found with locator value idp-discovery-username using locatorType id
31/01/23 11:23:30 PM Tuesday - BaseClass - INFO : Sent the text takehometest@qe.com in WebElement with locator value idp-discovery-username using locatorType id
31/01/23 11:23:30 PM Tuesday - BaseClass - INFO : WebElement found with locator value idp-discovery-submit using locatorType id
31/01/23 11:23:30 PM Tuesday - BaseClass - INFO : Clicked on WebElement with locator value idp-discovery-submit using locatorType id
31/01/23 11:23:56 PM Tuesday - BaseClass - ERROR : WebElement not found with locator value okta-signin-password using locatorType id
31/01/23 11:23:56 PM Tuesday - BaseClass - ERROR : Unable to Send the text Password123# in WebElement with locator value okta-signin-passwordusing locatorType id
31/01/23 11:45:20 PM Tuesday - WebDriverClass - INFO : Chrome Driver is initializing
31/01/23 11:47:16 PM Tuesday - BaseClass - INFO : Web Page Launched with URL : https://www.planet.com/explorer
31/01/23 11:48:59 PM Tuesday - BaseClass - ERROR : WebElement not found with locator value //input[@placeholder='Search for a Location'] using locatorType xpath
31/01/23 11:48:59 PM Tuesday - BaseClass - ERROR : Unable to Click on WebElement with locator value //input[@placeholder='Search for a Location'] using locatorType xpath
31/01/23 11:49:25 PM Tuesday - BaseClass - ERROR : WebElement not found with locator value //label[contains(text(),'Name')]/following-sibling::div/child::input using locatorType xpath
31/01/23 11:49:25 PM Tuesday - BaseClass - INFO : WebElement found with locator value idp-discovery-username using locatorType id
31/01/23 11:49:25 PM Tuesday - BaseClass - INFO : Sent the text takehometest@qe.com in WebElement with locator value idp-discovery-username using locatorType id
31/01/23 11:49:25 PM Tuesday - BaseClass - INFO : WebElement found with locator value idp-discovery-submit using locatorType id
31/01/23 11:49:26 PM Tuesday - BaseClass - INFO : Clicked on WebElement with locator value idp-discovery-submit using locatorType id
31/01/23 11:49:27 PM Tuesday - BaseClass - INFO : WebElement found with locator value okta-signin-password using locatorType id
31/01/23 11:49:27 PM Tuesday - BaseClass - INFO : Sent the text Password123# in WebElement with locator value okta-signin-password using locatorType id
31/01/23 11:49:27 PM Tuesday - BaseClass - INFO : WebElement found with locator value okta-signin-submit using locatorType id
31/01/23 11:49:27 PM Tuesday - BaseClass - INFO : Clicked on WebElement with locator value okta-signin-submit using locatorType id
31/01/23 11:49:43 PM Tuesday - BaseClass - INFO : WebElement found with locator value //button[@data-qe='skip-tour-button'] using locatorType xpath
31/01/23 11:49:43 PM Tuesday - BaseClass - INFO : Clicked on WebElement with locator value //button[@data-qe='skip-tour-button'] using locatorType xpath
01/02/23 12:46:51 AM Wednesday - WebDriverClass - INFO : Chrome Driver is initializing
01/02/23 12:46:57 AM Wednesday - BaseClass - INFO : Web Page Launched with URL : https://www.planet.com/explorer
01/02/23 12:47:00 AM Wednesday - BaseClass - INFO : WebElement found with locator value idp-discovery-username using locatorType id
01/02/23 12:47:00 AM Wednesday - BaseClass - INFO : Sent the text takehometest@qe.com in WebElement with locator value idp-discovery-username using locatorType id
01/02/23 12:47:00 AM Wednesday - BaseClass - INFO : WebElement found with locator value idp-discovery-submit using locatorType id
01/02/23 12:47:00 AM Wednesday - BaseClass - INFO : Clicked on WebElement with locator value idp-discovery-submit using locatorType id
01/02/23 12:47:01 AM Wednesday - BaseClass - INFO : WebElement found with locator value okta-signin-password using locatorType id
01/02/23 12:47:01 AM Wednesday - BaseClass - INFO : Sent the text Password123# in WebElement with locator value okta-signin-password using locatorType id
01/02/23 12:47:01 AM Wednesday - BaseClass - INFO : WebElement found with locator value okta-signin-submit using locatorType id
01/02/23 12:47:01 AM Wednesday - BaseClass - INFO : Clicked on WebElement with locator value okta-signin-submit using locatorType id
01/02/23 12:47:09 AM Wednesday - BaseClass - INFO : WebElement found with locator value //button[@data-qe='skip-tour-button'] using locatorType xpath
01/02/23 12:47:09 AM Wednesday - BaseClass - INFO : Clicked on WebElement with locator value //button[@data-qe='skip-tour-button'] using locatorType xpath
01/02/23 12:47:09 AM Wednesday - BaseClass - INFO : WebElement found with locator value //input[@placeholder='Search for a Location'] using locatorType xpath
01/02/23 12:47:09 AM Wednesday - BaseClass - INFO : Clicked on WebElement with locator value //input[@placeholder='Search for a Location'] using locatorType xpath
01/02/23 12:47:09 AM Wednesday - BaseClass - INFO : Send Texts using actions class 
01/02/23 12:47:11 AM Wednesday - BaseClass - INFO : WebElement found with locator value //span[normalize-space()='San Francisco'] using locatorType xpath
01/02/23 12:47:12 AM Wednesday - BaseClass - INFO : Clicked on WebElement with locator value //span[normalize-space()='San Francisco'] using locatorType xpath
01/02/23 12:47:14 AM Wednesday - BaseClass - INFO : WebElement found with locator value //button[@data-qe='click-save-search-button'] using locatorType xpath
01/02/23 12:47:15 AM Wednesday - BaseClass - INFO : Clicked on WebElement with locator value //button[@data-qe='click-save-search-button'] using locatorType xpath
01/02/23 12:47:18 AM Wednesday - BaseClass - INFO : WebElement found with locator value //label[contains(text(),'Name')]/following-sibling::div/child::input using locatorType xpath
01/02/23 12:47:20 AM Wednesday - BaseClass - INFO : Press BACKSPACE to clear text 
01/02/23 12:47:21 AM Wednesday - BaseClass - INFO : Send Texts using actions class 
01/02/23 12:47:21 AM Wednesday - BaseClass - INFO : WebElement found with locator value //button[@data-cy='dialog-save-search-button'] using locatorType xpath
01/02/23 12:47:21 AM Wednesday - BaseClass - INFO : Clicked on WebElement with locator value //button[@data-cy='dialog-save-search-button'] using locatorType xpath
01/02/23 12:47:21 AM Wednesday - BaseClass - INFO : WebElement found with locator value //button[@value='saved-searches-drawer']//*[name()='svg'] using locatorType xpath
01/02/23 12:47:21 AM Wednesday - BaseClass - INFO : Clicked on WebElement with locator value //button[@value='saved-searches-drawer']//*[name()='svg'] using locatorType xpath
01/02/23 12:47:22 AM Wednesday - BaseClass - INFO : WebElement found with locator value //input[@placeholder='Filter by name'] using locatorType xpath
01/02/23 12:47:22 AM Wednesday - BaseClass - INFO : Sent the text SrikantkxpV0xen in WebElement with locator value //input[@placeholder='Filter by name'] using locatorType xpath
01/02/23 12:47:23 AM Wednesday - BaseClass - INFO : WebElement found with locator value //h6[@data-qe='search-list-item-title'] using locatorType xpath
01/02/23 12:47:23 AM Wednesday - BaseClass - INFO : The created saved Search Name SrikantkxpV0xen is correct
01/02/23 12:47:23 AM Wednesday - BaseClass - INFO : WebElement found with locator value //h6[@data-qe='search-list-item-title'] using locatorType xpath
01/02/23 12:47:23 AM Wednesday - BaseClass - INFO : Clicked on WebElement with locator value //h6[@data-qe='search-list-item-title'] using locatorType xpath
01/02/23 12:47:53 AM Wednesday - BaseClass - ERROR : WebElement not found with locator value //label[contains(text(),'Name')]/following-sibling::div/child::input using locatorType xpath
01/02/23 12:54:16 AM Wednesday - WebDriverClass - INFO : Chrome Driver is initializing
01/02/23 12:54:21 AM Wednesday - BaseClass - INFO : Web Page Launched with URL : https://www.planet.com/explorer
01/02/23 12:54:23 AM Wednesday - BaseClass - INFO : WebElement found with locator value idp-discovery-username using locatorType id
01/02/23 12:54:23 AM Wednesday - BaseClass - INFO : Sent the text takehometest@qe.com in WebElement with locator value idp-discovery-username using locatorType id
01/02/23 12:54:23 AM Wednesday - BaseClass - INFO : WebElement found with locator value idp-discovery-submit using locatorType id
01/02/23 12:54:24 AM Wednesday - BaseClass - INFO : Clicked on WebElement with locator value idp-discovery-submit using locatorType id
01/02/23 12:54:25 AM Wednesday - BaseClass - INFO : WebElement found with locator value okta-signin-password using locatorType id
01/02/23 12:54:25 AM Wednesday - BaseClass - INFO : Sent the text Password123# in WebElement with locator value okta-signin-password using locatorType id
01/02/23 12:54:25 AM Wednesday - BaseClass - INFO : WebElement found with locator value okta-signin-submit using locatorType id
01/02/23 12:54:25 AM Wednesday - BaseClass - INFO : Clicked on WebElement with locator value okta-signin-submit using locatorType id
01/02/23 12:54:31 AM Wednesday - BaseClass - INFO : WebElement found with locator value //button[@data-qe='skip-tour-button'] using locatorType xpath
01/02/23 12:54:31 AM Wednesday - BaseClass - INFO : Clicked on WebElement with locator value //button[@data-qe='skip-tour-button'] using locatorType xpath
01/02/23 12:54:32 AM Wednesday - BaseClass - INFO : WebElement found with locator value //input[@placeholder='Search for a Location'] using locatorType xpath
01/02/23 12:54:33 AM Wednesday - BaseClass - INFO : Clicked on WebElement with locator value //input[@placeholder='Search for a Location'] using locatorType xpath
01/02/23 12:54:33 AM Wednesday - BaseClass - INFO : Send Texts using actions class 
01/02/23 12:54:35 AM Wednesday - BaseClass - INFO : WebElement found with locator value //span[normalize-space()='San Francisco'] using locatorType xpath
01/02/23 12:54:35 AM Wednesday - BaseClass - INFO : Clicked on WebElement with locator value //span[normalize-space()='San Francisco'] using locatorType xpath
01/02/23 12:54:37 AM Wednesday - BaseClass - INFO : WebElement found with locator value //button[@data-qe='click-save-search-button'] using locatorType xpath
01/02/23 12:54:38 AM Wednesday - BaseClass - INFO : Clicked on WebElement with locator value //button[@data-qe='click-save-search-button'] using locatorType xpath
01/02/23 12:54:41 AM Wednesday - BaseClass - INFO : WebElement found with locator value //label[contains(text(),'Name')]/following-sibling::div/child::input using locatorType xpath
01/02/23 12:54:43 AM Wednesday - BaseClass - INFO : Press BACKSPACE to clear text 
01/02/23 12:54:44 AM Wednesday - BaseClass - INFO : Send Texts using actions class 
01/02/23 12:54:44 AM Wednesday - BaseClass - INFO : WebElement found with locator value //button[@data-cy='dialog-save-search-button'] using locatorType xpath
01/02/23 12:54:44 AM Wednesday - BaseClass - INFO : Clicked on WebElement with locator value //button[@data-cy='dialog-save-search-button'] using locatorType xpath
01/02/23 12:54:44 AM Wednesday - BaseClass - INFO : WebElement found with locator value //button[@value='saved-searches-drawer']//*[name()='svg'] using locatorType xpath
01/02/23 12:54:44 AM Wednesday - BaseClass - INFO : Clicked on WebElement with locator value //button[@value='saved-searches-drawer']//*[name()='svg'] using locatorType xpath
01/02/23 12:54:56 AM Wednesday - BaseClass - ERROR : WebElement not found with locator value //input[@placeholder='Filter by name'] using locatorType xpath
01/02/23 12:54:56 AM Wednesday - BaseClass - ERROR : Unable to Send the text SrikantONJ6YswC in WebElement with locator value //input[@placeholder='Filter by name']using locatorType xpath
01/02/23 12:56:13 AM Wednesday - WebDriverClass - INFO : Chrome Driver is initializing
01/02/23 12:56:21 AM Wednesday - BaseClass - INFO : Web Page Launched with URL : https://www.planet.com/explorer
01/02/23 12:56:21 AM Wednesday - BaseClass - INFO : WebElement found with locator value idp-discovery-username using locatorType id
01/02/23 12:56:21 AM Wednesday - BaseClass - INFO : Sent the text takehometest@qe.com in WebElement with locator value idp-discovery-username using locatorType id
01/02/23 12:56:21 AM Wednesday - BaseClass - INFO : WebElement found with locator value idp-discovery-submit using locatorType id
01/02/23 12:56:21 AM Wednesday - BaseClass - INFO : Clicked on WebElement with locator value idp-discovery-submit using locatorType id
01/02/23 12:56:24 AM Wednesday - BaseClass - INFO : WebElement found with locator value okta-signin-password using locatorType id
01/02/23 12:56:24 AM Wednesday - BaseClass - INFO : Sent the text Password123# in WebElement with locator value okta-signin-password using locatorType id
01/02/23 12:56:24 AM Wednesday - BaseClass - INFO : WebElement found with locator value okta-signin-submit using locatorType id
01/02/23 12:56:24 AM Wednesday - BaseClass - INFO : Clicked on WebElement with locator value okta-signin-submit using locatorType id
01/02/23 12:56:31 AM Wednesday - BaseClass - INFO : WebElement found with locator value //button[@data-qe='skip-tour-button'] using locatorType xpath
01/02/23 12:56:31 AM Wednesday - BaseClass - INFO : Clicked on WebElement with locator value //button[@data-qe='skip-tour-button'] using locatorType xpath
01/02/23 12:56:31 AM Wednesday - BaseClass - INFO : WebElement found with locator value //input[@placeholder='Search for a Location'] using locatorType xpath
01/02/23 12:56:31 AM Wednesday - BaseClass - INFO : Clicked on WebElement with locator value //input[@placeholder='Search for a Location'] using locatorType xpath
01/02/23 12:56:32 AM Wednesday - BaseClass - INFO : Send Texts using actions class 
01/02/23 12:56:34 AM Wednesday - BaseClass - INFO : WebElement found with locator value //span[normalize-space()='San Francisco'] using locatorType xpath
01/02/23 12:56:34 AM Wednesday - BaseClass - INFO : Clicked on WebElement with locator value //span[normalize-space()='San Francisco'] using locatorType xpath
01/02/23 12:56:36 AM Wednesday - BaseClass - INFO : WebElement found with locator value //button[@data-qe='click-save-search-button'] using locatorType xpath
01/02/23 12:56:36 AM Wednesday - BaseClass - INFO : Clicked on WebElement with locator value //button[@data-qe='click-save-search-button'] using locatorType xpath
01/02/23 12:56:40 AM Wednesday - BaseClass - INFO : WebElement found with locator value //label[contains(text(),'Name')]/following-sibling::div/child::input using locatorType xpath
01/02/23 12:56:42 AM Wednesday - BaseClass - INFO : Press BACKSPACE to clear text 
01/02/23 12:56:43 AM Wednesday - BaseClass - INFO : Send Texts using actions class 
01/02/23 12:56:43 AM Wednesday - BaseClass - INFO : WebElement found with locator value //button[@data-cy='dialog-save-search-button'] using locatorType xpath
01/02/23 12:56:43 AM Wednesday - BaseClass - INFO : Clicked on WebElement with locator value //button[@data-cy='dialog-save-search-button'] using locatorType xpath
01/02/23 12:56:43 AM Wednesday - BaseClass - INFO : WebElement found with locator value //button[@value='saved-searches-drawer']//*[name()='svg'] using locatorType xpath
01/02/23 12:56:43 AM Wednesday - BaseClass - INFO : Clicked on WebElement with locator value //button[@value='saved-searches-drawer']//*[name()='svg'] using locatorType xpath
01/02/23 12:56:44 AM Wednesday - BaseClass - INFO : WebElement found with locator value //input[@placeholder='Filter by name'] using locatorType xpath
01/02/23 12:56:45 AM Wednesday - BaseClass - INFO : Sent the text Srikant1WtiumWA in WebElement with locator value //input[@placeholder='Filter by name'] using locatorType xpath
01/02/23 12:56:45 AM Wednesday - BaseClass - INFO : WebElement found with locator value //h6[@data-qe='search-list-item-title'] using locatorType xpath
01/02/23 12:56:45 AM Wednesday - BaseClass - INFO : The created saved Search Name Srikant1WtiumWA is correct
01/02/23 12:56:45 AM Wednesday - BaseClass - INFO : WebElement found with locator value //h6[@data-qe='search-list-item-title'] using locatorType xpath
01/02/23 12:56:45 AM Wednesday - BaseClass - INFO : Clicked on WebElement with locator value //h6[@data-qe='search-list-item-title'] using locatorType xpath
01/02/23 12:56:45 AM Wednesday - BaseClass - INFO : WebElement found with locator value //button[contains(text(),'Update search')] using locatorType xpath
01/02/23 12:56:46 AM Wednesday - BaseClass - ERROR : Unable to Click on WebElement with locator value //button[contains(text(),'Update search')] using locatorType xpath
01/02/23 01:01:13 AM Wednesday - WebDriverClass - INFO : Chrome Driver is initializing
01/02/23 01:01:18 AM Wednesday - BaseClass - INFO : Web Page Launched with URL : https://www.planet.com/explorer
01/02/23 01:01:24 AM Wednesday - BaseClass - INFO : WebElement found with locator value idp-discovery-username using locatorType id
01/02/23 01:01:24 AM Wednesday - BaseClass - INFO : Sent the text takehometest@qe.com in WebElement with locator value idp-discovery-username using locatorType id
01/02/23 01:01:24 AM Wednesday - BaseClass - INFO : WebElement found with locator value idp-discovery-submit using locatorType id
01/02/23 01:01:24 AM Wednesday - BaseClass - INFO : Clicked on WebElement with locator value idp-discovery-submit using locatorType id
01/02/23 01:01:27 AM Wednesday - BaseClass - INFO : WebElement found with locator value okta-signin-password using locatorType id
01/02/23 01:01:27 AM Wednesday - BaseClass - INFO : Sent the text Password123# in WebElement with locator value okta-signin-password using locatorType id
01/02/23 01:01:27 AM Wednesday - BaseClass - INFO : WebElement found with locator value okta-signin-submit using locatorType id
01/02/23 01:01:27 AM Wednesday - BaseClass - INFO : Clicked on WebElement with locator value okta-signin-submit using locatorType id
01/02/23 01:01:35 AM Wednesday - BaseClass - INFO : WebElement found with locator value //button[@data-qe='skip-tour-button'] using locatorType xpath
01/02/23 01:01:35 AM Wednesday - BaseClass - INFO : Clicked on WebElement with locator value //button[@data-qe='skip-tour-button'] using locatorType xpath
01/02/23 01:01:35 AM Wednesday - BaseClass - INFO : WebElement found with locator value //input[@placeholder='Search for a Location'] using locatorType xpath
01/02/23 01:01:36 AM Wednesday - BaseClass - INFO : Clicked on WebElement with locator value //input[@placeholder='Search for a Location'] using locatorType xpath
01/02/23 01:01:37 AM Wednesday - BaseClass - INFO : Send Texts using actions class 
01/02/23 01:01:39 AM Wednesday - BaseClass - INFO : WebElement found with locator value //span[normalize-space()='San Francisco'] using locatorType xpath
01/02/23 01:01:39 AM Wednesday - BaseClass - INFO : Clicked on WebElement with locator value //span[normalize-space()='San Francisco'] using locatorType xpath
01/02/23 01:01:41 AM Wednesday - BaseClass - INFO : WebElement found with locator value //button[@data-qe='click-save-search-button'] using locatorType xpath
01/02/23 01:01:42 AM Wednesday - BaseClass - INFO : Clicked on WebElement with locator value //button[@data-qe='click-save-search-button'] using locatorType xpath
01/02/23 01:01:45 AM Wednesday - BaseClass - INFO : WebElement found with locator value //label[contains(text(),'Name')]/following-sibling::div/child::input using locatorType xpath
01/02/23 01:01:48 AM Wednesday - BaseClass - INFO : Press BACKSPACE to clear text 
01/02/23 01:01:48 AM Wednesday - BaseClass - INFO : Send Texts using actions class 
01/02/23 01:01:48 AM Wednesday - BaseClass - INFO : WebElement found with locator value //button[@data-cy='dialog-save-search-button'] using locatorType xpath
01/02/23 01:01:48 AM Wednesday - BaseClass - INFO : Clicked on WebElement with locator value //button[@data-cy='dialog-save-search-button'] using locatorType xpath
01/02/23 01:01:48 AM Wednesday - BaseClass - INFO : WebElement found with locator value //button[@value='saved-searches-drawer']//*[name()='svg'] using locatorType xpath
01/02/23 01:01:48 AM Wednesday - BaseClass - INFO : Clicked on WebElement with locator value //button[@value='saved-searches-drawer']//*[name()='svg'] using locatorType xpath
01/02/23 01:01:50 AM Wednesday - BaseClass - INFO : WebElement found with locator value //input[@placeholder='Filter by name'] using locatorType xpath
01/02/23 01:01:50 AM Wednesday - BaseClass - INFO : Sent the text SrikantAs2KtuZR in WebElement with locator value //input[@placeholder='Filter by name'] using locatorType xpath
01/02/23 01:01:50 AM Wednesday - BaseClass - INFO : WebElement found with locator value //h6[@data-qe='search-list-item-title'] using locatorType xpath
01/02/23 01:01:50 AM Wednesday - BaseClass - INFO : The created saved Search Name SrikantAs2KtuZR is correct
01/02/23 01:01:50 AM Wednesday - BaseClass - INFO : WebElement found with locator value //h6[@data-qe='search-list-item-title'] using locatorType xpath
01/02/23 01:01:50 AM Wednesday - BaseClass - INFO : Clicked on WebElement with locator value //h6[@data-qe='search-list-item-title'] using locatorType xpath
01/02/23 01:01:50 AM Wednesday - BaseClass - INFO : WebElement found with locator value //button[contains(text(),'Update search')] using locatorType xpath
01/02/23 01:01:54 AM Wednesday - BaseClass - INFO : WebElement found with locator value //label[contains(text(),'Name')]/following-sibling::div/child::input using locatorType xpath
01/02/23 01:01:56 AM Wednesday - BaseClass - INFO : Press BACKSPACE to clear text 
01/02/23 01:01:57 AM Wednesday - BaseClass - INFO : Send Texts using actions class 
01/02/23 01:01:57 AM Wednesday - BaseClass - INFO : WebElement found with locator value //button[contains(text(), 'Update')] using locatorType xpath
01/02/23 01:01:58 AM Wednesday - BaseClass - ERROR : Unable to Click on WebElement with locator value //button[contains(text(), 'Update')] using locatorType xpath
01/02/23 01:04:00 AM Wednesday - WebDriverClass - INFO : Chrome Driver is initializing
01/02/23 01:04:07 AM Wednesday - BaseClass - INFO : Web Page Launched with URL : https://www.planet.com/explorer
01/02/23 01:04:09 AM Wednesday - BaseClass - INFO : WebElement found with locator value idp-discovery-username using locatorType id
01/02/23 01:04:09 AM Wednesday - BaseClass - INFO : Sent the text takehometest@qe.com in WebElement with locator value idp-discovery-username using locatorType id
01/02/23 01:04:09 AM Wednesday - BaseClass - INFO : WebElement found with locator value idp-discovery-submit using locatorType id
01/02/23 01:04:09 AM Wednesday - BaseClass - INFO : Clicked on WebElement with locator value idp-discovery-submit using locatorType id
01/02/23 01:04:11 AM Wednesday - BaseClass - INFO : WebElement found with locator value okta-signin-password using locatorType id
01/02/23 01:04:11 AM Wednesday - BaseClass - INFO : Sent the text Password123# in WebElement with locator value okta-signin-password using locatorType id
01/02/23 01:04:11 AM Wednesday - BaseClass - INFO : WebElement found with locator value okta-signin-submit using locatorType id
01/02/23 01:04:11 AM Wednesday - BaseClass - INFO : Clicked on WebElement with locator value okta-signin-submit using locatorType id
01/02/23 01:04:16 AM Wednesday - BaseClass - INFO : WebElement found with locator value //button[@data-qe='skip-tour-button'] using locatorType xpath
01/02/23 01:04:17 AM Wednesday - BaseClass - INFO : Clicked on WebElement with locator value //button[@data-qe='skip-tour-button'] using locatorType xpath
01/02/23 01:04:17 AM Wednesday - BaseClass - INFO : WebElement found with locator value //input[@placeholder='Search for a Location'] using locatorType xpath
01/02/23 01:04:17 AM Wednesday - BaseClass - INFO : Clicked on WebElement with locator value //input[@placeholder='Search for a Location'] using locatorType xpath
01/02/23 01:04:18 AM Wednesday - BaseClass - INFO : Send Texts using actions class 
01/02/23 01:04:20 AM Wednesday - BaseClass - INFO : WebElement found with locator value //span[normalize-space()='San Francisco'] using locatorType xpath
01/02/23 01:04:20 AM Wednesday - BaseClass - INFO : Clicked on WebElement with locator value //span[normalize-space()='San Francisco'] using locatorType xpath
01/02/23 01:04:22 AM Wednesday - BaseClass - INFO : WebElement found with locator value //button[@data-qe='click-save-search-button'] using locatorType xpath
01/02/23 01:04:23 AM Wednesday - BaseClass - INFO : Clicked on WebElement with locator value //button[@data-qe='click-save-search-button'] using locatorType xpath
01/02/23 01:04:26 AM Wednesday - BaseClass - INFO : WebElement found with locator value //label[contains(text(),'Name')]/following-sibling::div/child::input using locatorType xpath
01/02/23 01:04:28 AM Wednesday - BaseClass - INFO : Press BACKSPACE to clear text 
01/02/23 01:04:29 AM Wednesday - BaseClass - INFO : Send Texts using actions class 
01/02/23 01:04:29 AM Wednesday - BaseClass - INFO : WebElement found with locator value //button[@data-cy='dialog-save-search-button'] using locatorType xpath
01/02/23 01:04:29 AM Wednesday - BaseClass - INFO : Clicked on WebElement with locator value //button[@data-cy='dialog-save-search-button'] using locatorType xpath
01/02/23 01:04:29 AM Wednesday - BaseClass - INFO : WebElement found with locator value //button[@value='saved-searches-drawer']//*[name()='svg'] using locatorType xpath
01/02/23 01:04:29 AM Wednesday - BaseClass - INFO : Clicked on WebElement with locator value //button[@value='saved-searches-drawer']//*[name()='svg'] using locatorType xpath
01/02/23 01:04:31 AM Wednesday - BaseClass - INFO : WebElement found with locator value //input[@placeholder='Filter by name'] using locatorType xpath
01/02/23 01:04:31 AM Wednesday - BaseClass - INFO : Sent the text SrikantUN64Ffzl in WebElement with locator value //input[@placeholder='Filter by name'] using locatorType xpath
01/02/23 01:04:31 AM Wednesday - BaseClass - INFO : WebElement found with locator value //h6[@data-qe='search-list-item-title'] using locatorType xpath
01/02/23 01:04:31 AM Wednesday - BaseClass - INFO : The created saved Search Name SrikantUN64Ffzl is correct
01/02/23 01:04:31 AM Wednesday - BaseClass - INFO : WebElement found with locator value //h6[@data-qe='search-list-item-title'] using locatorType xpath
01/02/23 01:04:31 AM Wednesday - BaseClass - INFO : Clicked on WebElement with locator value //h6[@data-qe='search-list-item-title'] using locatorType xpath
01/02/23 01:04:31 AM Wednesday - BaseClass - INFO : WebElement found with locator value //button[contains(text(),'Update search')] using locatorType xpath
01/02/23 01:04:34 AM Wednesday - BaseClass - INFO : WebElement found with locator value //label[contains(text(),'Name')]/following-sibling::div/child::input using locatorType xpath
01/02/23 01:04:37 AM Wednesday - BaseClass - INFO : Press BACKSPACE to clear text 
01/02/23 01:04:38 AM Wednesday - BaseClass - INFO : Send Texts using actions class 
01/02/23 01:04:38 AM Wednesday - BaseClass - INFO : WebElement found with locator value //button[contains(text(), 'Update')] using locatorType xpath
01/02/23 01:04:38 AM Wednesday - BaseClass - INFO : WebElement found with locator value //button[@value='saved-searches-drawer']//*[name()='svg'] using locatorType xpath
01/02/23 01:04:39 AM Wednesday - BaseClass - ERROR : Unable to Click on WebElement with locator value //button[@value='saved-searches-drawer']//*[name()='svg'] using locatorType xpath
01/02/23 01:16:45 AM Wednesday - WebDriverClass - INFO : Chrome Driver is initializing
01/02/23 01:16:54 AM Wednesday - BaseClass - INFO : Web Page Launched with URL : https://www.planet.com/explorer
01/02/23 01:16:56 AM Wednesday - BaseClass - INFO : WebElement found with locator value idp-discovery-username using locatorType id
01/02/23 01:16:56 AM Wednesday - BaseClass - INFO : Sent the text takehometest@qe.com in WebElement with locator value idp-discovery-username using locatorType id
01/02/23 01:16:56 AM Wednesday - BaseClass - INFO : WebElement found with locator value idp-discovery-submit using locatorType id
01/02/23 01:16:56 AM Wednesday - BaseClass - INFO : Clicked on WebElement with locator value idp-discovery-submit using locatorType id
01/02/23 01:16:57 AM Wednesday - BaseClass - INFO : WebElement found with locator value okta-signin-password using locatorType id
01/02/23 01:16:57 AM Wednesday - BaseClass - INFO : Sent the text Password123# in WebElement with locator value okta-signin-password using locatorType id
01/02/23 01:16:57 AM Wednesday - BaseClass - INFO : WebElement found with locator value okta-signin-submit using locatorType id
01/02/23 01:16:57 AM Wednesday - BaseClass - INFO : Clicked on WebElement with locator value okta-signin-submit using locatorType id
01/02/23 01:17:04 AM Wednesday - BaseClass - INFO : WebElement found with locator value //button[@data-qe='skip-tour-button'] using locatorType xpath
01/02/23 01:17:04 AM Wednesday - BaseClass - INFO : Clicked on WebElement with locator value //button[@data-qe='skip-tour-button'] using locatorType xpath
01/02/23 01:17:04 AM Wednesday - BaseClass - INFO : WebElement found with locator value //input[@placeholder='Search for a Location'] using locatorType xpath
01/02/23 01:17:05 AM Wednesday - BaseClass - INFO : Clicked on WebElement with locator value //input[@placeholder='Search for a Location'] using locatorType xpath
01/02/23 01:17:05 AM Wednesday - BaseClass - INFO : Send Texts using actions class 
01/02/23 01:17:07 AM Wednesday - BaseClass - INFO : WebElement found with locator value //span[normalize-space()='San Francisco'] using locatorType xpath
01/02/23 01:17:07 AM Wednesday - BaseClass - INFO : Clicked on WebElement with locator value //span[normalize-space()='San Francisco'] using locatorType xpath
01/02/23 01:17:10 AM Wednesday - BaseClass - INFO : WebElement found with locator value //button[@data-qe='click-save-search-button'] using locatorType xpath
01/02/23 01:17:10 AM Wednesday - BaseClass - INFO : Clicked on WebElement with locator value //button[@data-qe='click-save-search-button'] using locatorType xpath
01/02/23 01:17:13 AM Wednesday - BaseClass - INFO : WebElement found with locator value //label[contains(text(),'Name')]/following-sibling::div/child::input using locatorType xpath
01/02/23 01:17:16 AM Wednesday - BaseClass - INFO : Press BACKSPACE to clear text 
01/02/23 01:17:16 AM Wednesday - BaseClass - INFO : Send Texts using actions class 
01/02/23 01:17:16 AM Wednesday - BaseClass - INFO : WebElement found with locator value //button[@data-cy='dialog-save-search-button'] using locatorType xpath
01/02/23 01:17:16 AM Wednesday - BaseClass - INFO : Clicked on WebElement with locator value //button[@data-cy='dialog-save-search-button'] using locatorType xpath
01/02/23 01:17:16 AM Wednesday - BaseClass - INFO : WebElement found with locator value //button[@value='saved-searches-drawer']//*[name()='svg'] using locatorType xpath
01/02/23 01:17:17 AM Wednesday - BaseClass - INFO : Clicked on WebElement with locator value //button[@value='saved-searches-drawer']//*[name()='svg'] using locatorType xpath
01/02/23 01:17:19 AM Wednesday - BaseClass - INFO : WebElement found with locator value //input[@placeholder='Filter by name'] using locatorType xpath
01/02/23 01:17:19 AM Wednesday - BaseClass - INFO : Sent the text SrikantxMTzfPCA in WebElement with locator value //input[@placeholder='Filter by name'] using locatorType xpath
01/02/23 01:17:19 AM Wednesday - BaseClass - INFO : WebElement found with locator value //h6[@data-qe='search-list-item-title'] using locatorType xpath
01/02/23 01:17:19 AM Wednesday - BaseClass - INFO : The created saved Search Name SrikantxMTzfPCA is correct
01/02/23 01:17:19 AM Wednesday - BaseClass - INFO : WebElement found with locator value //h6[@data-qe='search-list-item-title'] using locatorType xpath
01/02/23 01:17:19 AM Wednesday - BaseClass - INFO : Clicked on WebElement with locator value //h6[@data-qe='search-list-item-title'] using locatorType xpath
01/02/23 01:17:19 AM Wednesday - BaseClass - INFO : WebElement found with locator value //button[contains(text(),'Update search')] using locatorType xpath
01/02/23 01:17:23 AM Wednesday - BaseClass - INFO : WebElement found with locator value //label[contains(text(),'Name')]/following-sibling::div/child::input using locatorType xpath
01/02/23 01:17:25 AM Wednesday - BaseClass - INFO : Press BACKSPACE to clear text 
01/02/23 01:17:25 AM Wednesday - BaseClass - INFO : Send Texts using actions class 
01/02/23 01:17:25 AM Wednesday - BaseClass - INFO : WebElement found with locator value //button[contains(text(), 'Save as new search')]/following-sibling::button using locatorType xpath
01/02/23 01:17:26 AM Wednesday - BaseClass - INFO : WebElement found with locator value //button[@value='saved-searches-drawer']//*[name()='svg'] using locatorType xpath
01/02/23 01:17:26 AM Wednesday - BaseClass - INFO : Clicked on WebElement with locator value //button[@value='saved-searches-drawer']//*[name()='svg'] using locatorType xpath
01/02/23 01:17:26 AM Wednesday - BaseClass - INFO : WebElement found with locator value //input[@placeholder='Filter by name'] using locatorType xpath
01/02/23 01:17:26 AM Wednesday - BaseClass - INFO : Sent the text Srikant-UpdatedPvv1o3To in WebElement with locator value //input[@placeholder='Filter by name'] using locatorType xpath
01/02/23 01:17:57 AM Wednesday - BaseClass - ERROR : WebElement not found with locator value //h6[@data-qe='search-list-item-title'] using locatorType xpath
01/02/23 01:20:26 AM Wednesday - WebDriverClass - INFO : Chrome Driver is initializing
01/02/23 01:20:32 AM Wednesday - BaseClass - INFO : Web Page Launched with URL : https://www.planet.com/explorer
01/02/23 01:20:34 AM Wednesday - BaseClass - INFO : WebElement found with locator value idp-discovery-username using locatorType id
01/02/23 01:20:34 AM Wednesday - BaseClass - INFO : Sent the text takehometest@qe.com in WebElement with locator value idp-discovery-username using locatorType id
01/02/23 01:20:34 AM Wednesday - BaseClass - INFO : WebElement found with locator value idp-discovery-submit using locatorType id
01/02/23 01:20:34 AM Wednesday - BaseClass - INFO : Clicked on WebElement with locator value idp-discovery-submit using locatorType id
01/02/23 01:20:35 AM Wednesday - BaseClass - INFO : WebElement found with locator value okta-signin-password using locatorType id
01/02/23 01:20:35 AM Wednesday - BaseClass - INFO : Sent the text Password123# in WebElement with locator value okta-signin-password using locatorType id
01/02/23 01:20:35 AM Wednesday - BaseClass - INFO : WebElement found with locator value okta-signin-submit using locatorType id
01/02/23 01:20:35 AM Wednesday - BaseClass - INFO : Clicked on WebElement with locator value okta-signin-submit using locatorType id
01/02/23 01:20:42 AM Wednesday - BaseClass - INFO : WebElement found with locator value //button[@data-qe='skip-tour-button'] using locatorType xpath
01/02/23 01:20:42 AM Wednesday - BaseClass - INFO : Clicked on WebElement with locator value //button[@data-qe='skip-tour-button'] using locatorType xpath
01/02/23 01:20:42 AM Wednesday - BaseClass - INFO : WebElement found with locator value //input[@placeholder='Search for a Location'] using locatorType xpath
01/02/23 01:20:42 AM Wednesday - BaseClass - INFO : Clicked on WebElement with locator value //input[@placeholder='Search for a Location'] using locatorType xpath
01/02/23 01:20:43 AM Wednesday - BaseClass - INFO : Send Texts using actions class 
01/02/23 01:20:45 AM Wednesday - BaseClass - INFO : WebElement found with locator value //span[normalize-space()='San Francisco'] using locatorType xpath
01/02/23 01:20:45 AM Wednesday - BaseClass - INFO : Clicked on WebElement with locator value //span[normalize-space()='San Francisco'] using locatorType xpath
01/02/23 01:20:47 AM Wednesday - BaseClass - INFO : WebElement found with locator value //button[@data-qe='click-save-search-button'] using locatorType xpath
01/02/23 01:20:47 AM Wednesday - BaseClass - INFO : Clicked on WebElement with locator value //button[@data-qe='click-save-search-button'] using locatorType xpath
01/02/23 01:20:50 AM Wednesday - BaseClass - INFO : WebElement found with locator value //label[contains(text(),'Name')]/following-sibling::div/child::input using locatorType xpath
01/02/23 01:20:53 AM Wednesday - BaseClass - INFO : Press BACKSPACE to clear text 
01/02/23 01:20:53 AM Wednesday - BaseClass - INFO : Send Texts using actions class 
01/02/23 01:20:53 AM Wednesday - BaseClass - INFO : WebElement found with locator value //button[@data-cy='dialog-save-search-button'] using locatorType xpath
01/02/23 01:20:54 AM Wednesday - BaseClass - INFO : Clicked on WebElement with locator value //button[@data-cy='dialog-save-search-button'] using locatorType xpath
01/02/23 01:20:54 AM Wednesday - BaseClass - INFO : WebElement found with locator value //button[@value='saved-searches-drawer']//*[name()='svg'] using locatorType xpath
01/02/23 01:20:54 AM Wednesday - BaseClass - INFO : Clicked on WebElement with locator value //button[@value='saved-searches-drawer']//*[name()='svg'] using locatorType xpath
01/02/23 01:20:55 AM Wednesday - BaseClass - INFO : WebElement found with locator value //input[@placeholder='Filter by name'] using locatorType xpath
01/02/23 01:20:56 AM Wednesday - BaseClass - INFO : Sent the text Srikant4Bum8AdW in WebElement with locator value //input[@placeholder='Filter by name'] using locatorType xpath
01/02/23 01:20:56 AM Wednesday - BaseClass - INFO : WebElement found with locator value //h6[@data-qe='search-list-item-title'] using locatorType xpath
01/02/23 01:20:56 AM Wednesday - BaseClass - INFO : The created saved Search Name Srikant4Bum8AdW is correct
01/02/23 01:20:56 AM Wednesday - BaseClass - INFO : WebElement found with locator value //h6[@data-qe='search-list-item-title'] using locatorType xpath
01/02/23 01:20:56 AM Wednesday - BaseClass - INFO : Clicked on WebElement with locator value //h6[@data-qe='search-list-item-title'] using locatorType xpath
01/02/23 01:20:56 AM Wednesday - BaseClass - INFO : WebElement found with locator value //button[contains(text(),'Update search')] using locatorType xpath
01/02/23 01:20:59 AM Wednesday - BaseClass - INFO : WebElement found with locator value //label[contains(text(),'Name')]/following-sibling::div/child::input using locatorType xpath
01/02/23 01:21:02 AM Wednesday - BaseClass - INFO : Press BACKSPACE to clear text 
01/02/23 01:21:03 AM Wednesday - BaseClass - INFO : Send Texts using actions class 
01/02/23 01:21:03 AM Wednesday - BaseClass - INFO : WebElement found with locator value //button[contains(text(), 'Save as new search')]/following-sibling::button using locatorType xpath
01/02/23 01:21:03 AM Wednesday - BaseClass - INFO : WebElement found with locator value //button[@value='saved-searches-drawer']//*[name()='svg'] using locatorType xpath
01/02/23 01:21:03 AM Wednesday - BaseClass - INFO : Clicked on WebElement with locator value //button[@value='saved-searches-drawer']//*[name()='svg'] using locatorType xpath
01/02/23 01:21:14 AM Wednesday - BaseClass - ERROR : WebElement not found with locator value //input[@placeholder='Filter by name'] using locatorType xpath
01/02/23 01:22:11 AM Wednesday - WebDriverClass - INFO : Chrome Driver is initializing
01/02/23 01:22:19 AM Wednesday - BaseClass - INFO : Web Page Launched with URL : https://www.planet.com/explorer
01/02/23 01:22:22 AM Wednesday - BaseClass - INFO : WebElement found with locator value idp-discovery-username using locatorType id
01/02/23 01:22:22 AM Wednesday - BaseClass - INFO : Sent the text takehometest@qe.com in WebElement with locator value idp-discovery-username using locatorType id
01/02/23 01:22:22 AM Wednesday - BaseClass - INFO : WebElement found with locator value idp-discovery-submit using locatorType id
01/02/23 01:22:22 AM Wednesday - BaseClass - INFO : Clicked on WebElement with locator value idp-discovery-submit using locatorType id
01/02/23 01:22:23 AM Wednesday - BaseClass - INFO : WebElement found with locator value okta-signin-password using locatorType id
01/02/23 01:22:23 AM Wednesday - BaseClass - INFO : Sent the text Password123# in WebElement with locator value okta-signin-password using locatorType id
01/02/23 01:22:23 AM Wednesday - BaseClass - INFO : WebElement found with locator value okta-signin-submit using locatorType id
01/02/23 01:22:23 AM Wednesday - BaseClass - INFO : Clicked on WebElement with locator value okta-signin-submit using locatorType id
01/02/23 01:22:29 AM Wednesday - BaseClass - INFO : WebElement found with locator value //button[@data-qe='skip-tour-button'] using locatorType xpath
01/02/23 01:22:29 AM Wednesday - BaseClass - INFO : Clicked on WebElement with locator value //button[@data-qe='skip-tour-button'] using locatorType xpath
01/02/23 01:22:30 AM Wednesday - BaseClass - INFO : WebElement found with locator value //input[@placeholder='Search for a Location'] using locatorType xpath
01/02/23 01:22:30 AM Wednesday - BaseClass - INFO : Clicked on WebElement with locator value //input[@placeholder='Search for a Location'] using locatorType xpath
01/02/23 01:22:31 AM Wednesday - BaseClass - INFO : Send Texts using actions class 
01/02/23 01:22:33 AM Wednesday - BaseClass - INFO : WebElement found with locator value //span[normalize-space()='San Francisco'] using locatorType xpath
01/02/23 01:22:33 AM Wednesday - BaseClass - INFO : Clicked on WebElement with locator value //span[normalize-space()='San Francisco'] using locatorType xpath
01/02/23 01:22:35 AM Wednesday - BaseClass - INFO : WebElement found with locator value //button[@data-qe='click-save-search-button'] using locatorType xpath
01/02/23 01:22:36 AM Wednesday - BaseClass - INFO : Clicked on WebElement with locator value //button[@data-qe='click-save-search-button'] using locatorType xpath
01/02/23 01:22:39 AM Wednesday - BaseClass - INFO : WebElement found with locator value //label[contains(text(),'Name')]/following-sibling::div/child::input using locatorType xpath
01/02/23 01:22:42 AM Wednesday - BaseClass - INFO : Press BACKSPACE to clear text 
01/02/23 01:22:42 AM Wednesday - BaseClass - INFO : Send Texts using actions class 
01/02/23 01:22:42 AM Wednesday - BaseClass - INFO : WebElement found with locator value //button[@data-cy='dialog-save-search-button'] using locatorType xpath
01/02/23 01:22:42 AM Wednesday - BaseClass - INFO : Clicked on WebElement with locator value //button[@data-cy='dialog-save-search-button'] using locatorType xpath
01/02/23 01:22:42 AM Wednesday - BaseClass - INFO : WebElement found with locator value //button[@value='saved-searches-drawer']//*[name()='svg'] using locatorType xpath
01/02/23 01:22:43 AM Wednesday - BaseClass - INFO : Clicked on WebElement with locator value //button[@value='saved-searches-drawer']//*[name()='svg'] using locatorType xpath
01/02/23 01:22:44 AM Wednesday - BaseClass - INFO : WebElement found with locator value //input[@placeholder='Filter by name'] using locatorType xpath
01/02/23 01:22:44 AM Wednesday - BaseClass - INFO : Sent the text SrikantNw8lLGiY in WebElement with locator value //input[@placeholder='Filter by name'] using locatorType xpath
01/02/23 01:22:44 AM Wednesday - BaseClass - INFO : WebElement found with locator value //h6[@data-qe='search-list-item-title'] using locatorType xpath
01/02/23 01:22:44 AM Wednesday - BaseClass - INFO : The created saved Search Name SrikantNw8lLGiY is correct
01/02/23 01:22:44 AM Wednesday - BaseClass - INFO : WebElement found with locator value //h6[@data-qe='search-list-item-title'] using locatorType xpath
01/02/23 01:22:45 AM Wednesday - BaseClass - INFO : Clicked on WebElement with locator value //h6[@data-qe='search-list-item-title'] using locatorType xpath
01/02/23 01:22:45 AM Wednesday - BaseClass - INFO : WebElement found with locator value //button[contains(text(),'Update search')] using locatorType xpath
01/02/23 01:22:48 AM Wednesday - BaseClass - INFO : WebElement found with locator value //label[contains(text(),'Name')]/following-sibling::div/child::input using locatorType xpath
01/02/23 01:22:51 AM Wednesday - BaseClass - INFO : Press BACKSPACE to clear text 
01/02/23 01:22:51 AM Wednesday - BaseClass - INFO : Send Texts using actions class 
01/02/23 01:22:51 AM Wednesday - BaseClass - INFO : WebElement found with locator value //button[contains(text(), 'Save as new search')]/following-sibling::button using locatorType xpath
01/02/23 01:22:51 AM Wednesday - BaseClass - INFO : WebElement found with locator value //button[@value='saved-searches-drawer']//*[name()='svg'] using locatorType xpath
01/02/23 01:22:52 AM Wednesday - BaseClass - INFO : Clicked on WebElement with locator value //button[@value='saved-searches-drawer']//*[name()='svg'] using locatorType xpath
01/02/23 01:22:52 AM Wednesday - BaseClass - INFO : WebElement found with locator value //input[@placeholder='Filter by name'] using locatorType xpath
01/02/23 01:22:55 AM Wednesday - BaseClass - INFO : Press BACKSPACE to clear text 
01/02/23 01:22:57 AM Wednesday - BaseClass - INFO : WebElement found with locator value //input[@placeholder='Filter by name'] using locatorType xpath
01/02/23 01:22:57 AM Wednesday - BaseClass - INFO : Sent the text Srikant-UpdatedJVHiCg38 in WebElement with locator value //input[@placeholder='Filter by name'] using locatorType xpath
01/02/23 01:22:57 AM Wednesday - BaseClass - INFO : WebElement found with locator value //h6[@data-qe='search-list-item-title'] using locatorType xpath
01/02/23 01:22:57 AM Wednesday - BaseClass - INFO : The created saved Search Name Srikant-UpdatedJVHiCg38 is correct
